<?xml version="1.0" encoding="UTF-8"?>
<testsuite name="org.douggschwind.games.boardgames.monopoly.actioncard.DeckFactoryTest" tests="2" skipped="0" failures="0" errors="0" timestamp="2023-12-20T12:37:34" hostname="LAPTOP-P0F8VT7D" time="0.026">
  <properties/>
  <testcase name="testChanceDeck()" classname="org.douggschwind.games.boardgames.monopoly.actioncard.DeckFactoryTest" time="0.016"/>
  <testcase name="testCommunityChestDeck()" classname="org.douggschwind.games.boardgames.monopoly.actioncard.DeckFactoryTest" time="0.007"/>
  <system-out><![CDATA[]]></system-out>
  <system-err><![CDATA[]]></system-err>
</testsuite>
