<?xml version="1.0" encoding="UTF-8"?>
<testsuite name="org.douggschwind.games.cardgames.common.FrenchSuitedPlayingCardTest" tests="9" skipped="0" failures="0" errors="0" timestamp="2023-12-20T12:37:34" hostname="LAPTOP-P0F8VT7D" time="0.061">
  <properties/>
  <testcase name="testHasHigherRank()" classname="org.douggschwind.games.cardgames.common.FrenchSuitedPlayingCardTest" time="0.002"/>
  <testcase name="testBeats()" classname="org.douggschwind.games.cardgames.common.FrenchSuitedPlayingCardTest" time="0.004"/>
  <testcase name="testHasLowerRank()" classname="org.douggschwind.games.cardgames.common.FrenchSuitedPlayingCardTest" time="0.001"/>
  <testcase name="testGetDistinctCardKinds2()" classname="org.douggschwind.games.cardgames.common.FrenchSuitedPlayingCardTest" time="0.009"/>
  <testcase name="testGetDistinctCardKinds3()" classname="org.douggschwind.games.cardgames.common.FrenchSuitedPlayingCardTest" time="0.004"/>
  <testcase name="testGetDistinctCardKinds4()" classname="org.douggschwind.games.cardgames.common.FrenchSuitedPlayingCardTest" time="0.005"/>
  <testcase name="testGetDistinctCardKinds5()" classname="org.douggschwind.games.cardgames.common.FrenchSuitedPlayingCardTest" time="0.002"/>
  <testcase name="testEquals()" classname="org.douggschwind.games.cardgames.common.FrenchSuitedPlayingCardTest" time="0.002"/>
  <testcase name="testNotEquals()" classname="org.douggschwind.games.cardgames.common.FrenchSuitedPlayingCardTest" time="0.004"/>
  <system-out><![CDATA[]]></system-out>
  <system-err><![CDATA[]]></system-err>
</testsuite>
