<?xml version="1.0" encoding="UTF-8"?>
<testsuite name="org.douggschwind.games.cardgames.poker.WesternHandStrengthTest" tests="13" skipped="0" failures="0" errors="0" timestamp="2023-12-20T12:37:34" hostname="LAPTOP-P0F8VT7D" time="0.106">
  <properties/>
  <testcase name="testDetermineHandStrengthAceLowStraightFlush()" classname="org.douggschwind.games.cardgames.poker.WesternHandStrengthTest" time="0.011"/>
  <testcase name="testDetermineHandStrengthStraight()" classname="org.douggschwind.games.cardgames.poker.WesternHandStrengthTest" time="0.003"/>
  <testcase name="testDetermineHandStrengthRoyalFlush()" classname="org.douggschwind.games.cardgames.poker.WesternHandStrengthTest" time="0.009"/>
  <testcase name="testDetermineHandStrengthFlush()" classname="org.douggschwind.games.cardgames.poker.WesternHandStrengthTest" time="0.001"/>
  <testcase name="testDetermineHandStrengthHighCard()" classname="org.douggschwind.games.cardgames.poker.WesternHandStrengthTest" time="0.002"/>
  <testcase name="testDetermineHandStrengthThreeOfAKind()" classname="org.douggschwind.games.cardgames.poker.WesternHandStrengthTest" time="0.015"/>
  <testcase name="testDetermineHandStrengthFullHouse()" classname="org.douggschwind.games.cardgames.poker.WesternHandStrengthTest" time="0.002"/>
  <testcase name="testDetermineHandStrengthTwoPair()" classname="org.douggschwind.games.cardgames.poker.WesternHandStrengthTest" time="0.007"/>
  <testcase name="testDetermineHandStrengthAceLowStraight()" classname="org.douggschwind.games.cardgames.poker.WesternHandStrengthTest" time="0.008"/>
  <testcase name="testDetermineHandStrengthPair()" classname="org.douggschwind.games.cardgames.poker.WesternHandStrengthTest" time="0.01"/>
  <testcase name="testIsStrongerThan()" classname="org.douggschwind.games.cardgames.poker.WesternHandStrengthTest" time="0.001"/>
  <testcase name="testDetermineHandStrengthFourOfAKind()" classname="org.douggschwind.games.cardgames.poker.WesternHandStrengthTest" time="0.001"/>
  <testcase name="testDetermineHandStrengthStraightFlush()" classname="org.douggschwind.games.cardgames.poker.WesternHandStrengthTest" time="0.002"/>
  <system-out><![CDATA[]]></system-out>
  <system-err><![CDATA[]]></system-err>
</testsuite>
