<?xml version="1.0" encoding="UTF-8"?>
<testsuite name="org.douggschwind.games.cardgames.euchre.ClassicEuchreTest" tests="2" skipped="0" failures="0" errors="0" timestamp="2023-12-20T12:37:34" hostname="LAPTOP-P0F8VT7D" time="0.027">
  <properties/>
  <testcase name="testPlayersAllGetDistinctCards()" classname="org.douggschwind.games.cardgames.euchre.ClassicEuchreTest" time="0.019"/>
  <testcase name="testHand()" classname="org.douggschwind.games.cardgames.euchre.ClassicEuchreTest" time="0.005"/>
  <system-out><![CDATA[]]></system-out>
  <system-err><![CDATA[]]></system-err>
</testsuite>
