<?xml version="1.0" encoding="UTF-8"?>
<testsuite name="org.douggschwind.games.chess.SquareTest" tests="1" skipped="0" failures="0" errors="0" timestamp="2023-12-20T12:37:35" hostname="LAPTOP-P0F8VT7D" time="0.006">
  <properties/>
  <testcase name="testEqualsAndHashcode()" classname="org.douggschwind.games.chess.SquareTest" time="0.006"/>
  <system-out><![CDATA[]]></system-out>
  <system-err><![CDATA[]]></system-err>
</testsuite>
