<?xml version="1.0" encoding="UTF-8"?>
<testsuite name="org.douggschwind.games.dicegames.boggle.BoggleTest" tests="4" skipped="0" failures="0" errors="0" timestamp="2023-12-20T12:37:35" hostname="LAPTOP-P0F8VT7D" time="0.043">
  <properties/>
  <testcase name="test4x4BoggleWordFindingLongerWordsBasedUponShorterWordsPresent()" classname="org.douggschwind.games.dicegames.boggle.BoggleTest" time="0.027"/>
  <testcase name="test4x4BoggleWordFindingQuPresent()" classname="org.douggschwind.games.dicegames.boggle.BoggleTest" time="0.004"/>
  <testcase name="test4x4BoggleWordFindingNoQuPresent()" classname="org.douggschwind.games.dicegames.boggle.BoggleTest" time="0.005"/>
  <testcase name="test5x5BoggleWordFindingNoQuPresent()" classname="org.douggschwind.games.dicegames.boggle.BoggleTest" time="0.005"/>
  <system-out><![CDATA[]]></system-out>
  <system-err><![CDATA[]]></system-err>
</testsuite>
